This is pdfTeX, Version 3.14159265-2.6-1.40.21 (TeX Live 2020/Debian) (preloaded format=pdflatex 2020.12.12)  30 DEC 2020 19:21
entering extended mode
 \write18 enabled.
 %&-line parsing enabled.
**3.2.1VariableSelection_R.tex
(./3.2.1VariableSelection_R.tex
LaTeX2e <2020-02-02> patch level 5
L3 programming layer <2020-07-17>
(/usr/share/texlive/texmf-dist/tex/latex/base/article.cls
Document Class: article 2019/12/20 v1.4l Standard LaTeX document class
(/usr/share/texlive/texmf-dist/tex/latex/base/size10.clo
File: size10.clo 2019/12/20 v1.4l Standard LaTeX file (size option)
)
\c@part=\count168
\c@section=\count169
\c@subsection=\count170
\c@subsubsection=\count171
\c@paragraph=\count172
\c@subparagraph=\count173
\c@figure=\count174
\c@table=\count175
\abovecaptionskip=\skip47
\belowcaptionskip=\skip48
\bibindent=\dimen134
)
(/usr/share/texlive/texmf-dist/tex/latex/graphics/graphicx.sty
Package: graphicx 2019/11/30 v1.2a Enhanced LaTeX Graphics (DPC,SPQR)

(/usr/share/texlive/texmf-dist/tex/latex/graphics/keyval.sty
Package: keyval 2014/10/28 v1.15 key=value parser (DPC)
\KV@toks@=\toks15
)
(/usr/share/texlive/texmf-dist/tex/latex/graphics/graphics.sty
Package: graphics 2019/11/30 v1.4a Standard LaTeX Graphics (DPC,SPQR)

(/usr/share/texlive/texmf-dist/tex/latex/graphics/trig.sty
Package: trig 2016/01/03 v1.10 sin cos tan (DPC)
)
(/usr/share/texlive/texmf-dist/tex/latex/graphics-cfg/graphics.cfg
File: graphics.cfg 2016/06/04 v1.11 sample graphics configuration
)
Package graphics Info: Driver file: pdftex.def on input line 105.

(/usr/share/texlive/texmf-dist/tex/latex/graphics-def/pdftex.def
File: pdftex.def 2018/01/08 v1.0l Graphics/color driver for pdftex
))
\Gin@req@height=\dimen135
\Gin@req@width=\dimen136
)
(/usr/share/texlive/texmf-dist/tex/latex/graphics/color.sty
Package: color 2019/11/23 v1.2a Standard LaTeX Color (DPC)

(/usr/share/texlive/texmf-dist/tex/latex/graphics-cfg/color.cfg
File: color.cfg 2016/01/02 v1.6 sample color configuration
)
Package color Info: Driver file: pdftex.def on input line 147.
)
(/usr/share/texlive/texmf-dist/tex/latex/framed/framed.sty
Package: framed 2011/10/22 v 0.96: framed or shaded text with page breaks
\OuterFrameSep=\skip49
\fb@frw=\dimen137
\fb@frh=\dimen138
\FrameRule=\dimen139
\FrameSep=\dimen140
)
(/usr/share/texlive/texmf-dist/tex/latex/base/alltt.sty
Package: alltt 1997/06/16 v2.0g defines alltt environment
)
(/usr/share/texlive/texmf-dist/tex/latex/float/float.sty
Package: float 2001/11/08 v1.3d Float enhancements (AL)
\c@float@type=\count176
\float@exts=\toks16
\float@box=\box45
\@float@everytoks=\toks17
\@floatcapt=\box46
)
(/usr/share/texlive/texmf-dist/tex/latex/upquote/upquote.sty
Package: upquote 2012/04/19 v1.3 upright-quote and grave-accent glyphs in verba
tim
)
(/usr/share/texlive/texmf-dist/tex/latex/l3backend/l3backend-pdfmode.def
File: l3backend-pdfmode.def 2020-06-29 L3 backend support: PDF mode
\l__kernel_color_stack_int=\count177
\l__pdf_internal_box=\box47
)
(./3.2.1VariableSelection_R.aux)
\openout1 = `3.2.1VariableSelection_R.aux'.

LaTeX Font Info:    Checking defaults for OML/cmm/m/it on input line 65.
LaTeX Font Info:    ... okay on input line 65.
LaTeX Font Info:    Checking defaults for OMS/cmsy/m/n on input line 65.
LaTeX Font Info:    ... okay on input line 65.
LaTeX Font Info:    Checking defaults for OT1/cmr/m/n on input line 65.
LaTeX Font Info:    ... okay on input line 65.
LaTeX Font Info:    Checking defaults for T1/cmr/m/n on input line 65.
LaTeX Font Info:    ... okay on input line 65.
LaTeX Font Info:    Checking defaults for TS1/cmr/m/n on input line 65.
LaTeX Font Info:    ... okay on input line 65.
LaTeX Font Info:    Checking defaults for OMX/cmex/m/n on input line 65.
LaTeX Font Info:    ... okay on input line 65.
LaTeX Font Info:    Checking defaults for U/cmr/m/n on input line 65.
LaTeX Font Info:    ... okay on input line 65.

(/usr/share/texlive/texmf-dist/tex/context/base/mkii/supp-pdf.mkii
[Loading MPS to PDF converter (version 2006.09.02).]
\scratchcounter=\count178
\scratchdimen=\dimen141
\scratchbox=\box48
\nofMPsegments=\count179
\nofMParguments=\count180
\everyMPshowfont=\toks18
\MPscratchCnt=\count181
\MPscratchDim=\dimen142
\MPnumerator=\count182
\makeMPintoPDFobject=\count183
\everyMPtoPDFconversion=\toks19
) (/usr/share/texlive/texmf-dist/tex/latex/epstopdf-pkg/epstopdf-base.sty
Package: epstopdf-base 2020-01-24 v2.11 Base part for package epstopdf
Package epstopdf-base Info: Redefining graphics rule for `.eps' on input line 4
85.

(/usr/share/texlive/texmf-dist/tex/latex/latexconfig/epstopdf-sys.cfg
File: epstopdf-sys.cfg 2010/07/13 v1.3 Configuration of (r)epstopdf for TeX Liv
e
))
LaTeX Font Info:    External font `cmex10' loaded for size
(Font)              <12> on input line 74.
LaTeX Font Info:    External font `cmex10' loaded for size
(Font)              <8> on input line 74.
LaTeX Font Info:    External font `cmex10' loaded for size
(Font)              <6> on input line 74.


LaTeX Warning: No \author given.

Package color Info: Redefining color shadecolor on input line 81.
LaTeX Font Info:    Font shape `OT1/cmtt/bx/n' in size <10> not available
(Font)              Font shape `OT1/cmtt/m/n' tried instead on input line 84.
<figure/unnamed-chunk-1-1.pdf, id=1, 505.89pt x 505.89pt>
File: figure/unnamed-chunk-1-1.pdf Graphic file (type pdf)
<use figure/unnamed-chunk-1-1.pdf>
Package pdftex.def Info: figure/unnamed-chunk-1-1.pdf  used on input line 105.
(pdftex.def)             Requested size: 282.88637pt x 282.88733pt.
[1

{/var/lib/texmf/fonts/map/pdftex/updmap/pdftex.map}]
Package color Info: Redefining color shadecolor on input line 135.
<figure/unnamed-chunk-2-1.pdf, id=13, 505.89pt x 505.89pt>
File: figure/unnamed-chunk-2-1.pdf Graphic file (type pdf)
<use figure/unnamed-chunk-2-1.pdf>
Package pdftex.def Info: figure/unnamed-chunk-2-1.pdf  used on input line 141.
(pdftex.def)             Requested size: 282.88637pt x 282.88733pt.
 [2 <./figure/unnamed-chunk-1-1.pdf>]
LaTeX Font Info:    External font `cmex10' loaded for size
(Font)              <7> on input line 158.
LaTeX Font Info:    External font `cmex10' loaded for size
(Font)              <5> on input line 158.
Package color Info: Redefining color shadecolor on input line 163.
 [3 <./figure/unnamed-chunk-2-1.pdf>]
Package color Info: Redefining color shadecolor on input line 209.

Overfull \hbox (216.27151pt too wide) in paragraph at lines 241--241
[]\OT1/cmtt/m/n/10 ## ---------------------------------------------------------
-----------------------------------------------------------------------[] 
 []


Overfull \hbox (205.7716pt too wide) in paragraph at lines 241--241
[]\OT1/cmtt/m/n/10 ## Model    R-Square    R-Square    R-Square     C(p)       
 AIC        SBIC         SBC       MSEP       FPE       HSP       APC[] 
 []


Overfull \hbox (216.27151pt too wide) in paragraph at lines 241--241
[]\OT1/cmtt/m/n/10 ## ---------------------------------------------------------
-----------------------------------------------------------------------[] 
 []


Overfull \hbox (216.27151pt too wide) in paragraph at lines 241--241
[]\OT1/cmtt/m/n/10 ##   1        0.4090      0.4005      0.3619    81.6610    6
7.3344    -139.6069    74.1644    10.1639    0.1451    0.0020    0.6248[] 
 []


Overfull \hbox (216.27151pt too wide) in paragraph at lines 241--241
[]\OT1/cmtt/m/n/10 ##   2        0.6955      0.6867      0.6658    11.0966    2
1.5758    -183.1567    30.6825     5.3128    0.0768    0.0011    0.3309[] 
 []


Overfull \hbox (216.27151pt too wide) in paragraph at lines 241--241
[]\OT1/cmtt/m/n/10 ##   3        0.7350      0.7233      0.6948     3.1145    1
3.5925    -190.1630    24.9758     4.6940    0.0688    0.0010    0.2962[] 
 []


Overfull \hbox (216.27151pt too wide) in paragraph at lines 241--241
[]\OT1/cmtt/m/n/10 ##   4        0.7354      0.7196      0.6851     5.0000    1
5.4695    -188.1226    29.1295     4.7570    0.0706    0.0010    0.3041[] 
 []


Overfull \hbox (216.27151pt too wide) in paragraph at lines 241--241
[]\OT1/cmtt/m/n/10 ## ---------------------------------------------------------
-----------------------------------------------------------------------[] 
 []

Package color Info: Redefining color shadecolor on input line 250.
[4]
Package color Info: Redefining color shadecolor on input line 275.
Package color Info: Redefining color shadecolor on input line 299.
Package color Info: Redefining color shadecolor on input line 321.
 [5]
<figure/unnamed-chunk-8-1.pdf, id=42, 505.89pt x 505.89pt>
File: figure/unnamed-chunk-8-1.pdf Graphic file (type pdf)
<use figure/unnamed-chunk-8-1.pdf>
Package pdftex.def Info: figure/unnamed-chunk-8-1.pdf  used on input line 329.
(pdftex.def)             Requested size: 282.88637pt x 282.88733pt.
Package color Info: Redefining color shadecolor on input line 359.
 [6 <./figure/unnamed-chunk-8-1.pdf>] (./3.2.1VariableSelection_R.aux) ) 
Here is how much of TeX's memory you used:
 1384 strings out of 480906
 20702 string characters out of 5910771
 268769 words of memory out of 5000000
 16994 multiletter control sequences out of 15000+600000
 539113 words of font info for 43 fonts, out of 8000000 for 9000
 1141 hyphenation exceptions out of 8191
 36i,6n,33p,570b,286s stack positions out of 5000i,500n,10000p,200000b,80000s
</usr/s
hare/texlive/texmf-dist/fonts/type1/public/amsfonts/cm/cmbx10.pfb></usr/share/t
exlive/texmf-dist/fonts/type1/public/amsfonts/cm/cmitt10.pfb></usr/share/texliv
e/texmf-dist/fonts/type1/public/amsfonts/cm/cmmi10.pfb></usr/share/texlive/texm
f-dist/fonts/type1/public/amsfonts/cm/cmmi7.pfb></usr/share/texlive/texmf-dist/
fonts/type1/public/amsfonts/cm/cmr10.pfb></usr/share/texlive/texmf-dist/fonts/t
ype1/public/amsfonts/cm/cmr12.pfb></usr/share/texlive/texmf-dist/fonts/type1/pu
blic/amsfonts/cm/cmr17.pfb></usr/share/texlive/texmf-dist/fonts/type1/public/am
sfonts/cm/cmr7.pfb></usr/share/texlive/texmf-dist/fonts/type1/public/amsfonts/c
m/cmti10.pfb></usr/share/texlive/texmf-dist/fonts/type1/public/amsfonts/cm/cmtt
10.pfb>
Output written on 3.2.1VariableSelection_R.pdf (6 pages, 167141 bytes).
PDF statistics:
 84 PDF objects out of 1000 (max. 8388607)
 59 compressed objects within 1 object stream
 0 named destinations out of 1000 (max. 500000)
 16 words of extra memory for PDF output out of 10000 (max. 10000000)

