This is pdfTeX, Version 3.14159265-2.6-1.40.21 (MiKTeX 20.7) (preloaded format=pdflatex 2020.10.8)  11 APR 2021 19:17
entering extended mode
**./7.1.1GeneralizedAdditiveModels_R.tex
(7.1.1GeneralizedAdditiveModels_R.tex
LaTeX2e <2020-10-01>
L3 programming layer <2020-10-05> xparse <2020-03-03>
("C:\Program Files\MiKTeX\tex/latex/base\article.cls"
Document Class: article 2020/04/10 v1.4m Standard LaTeX document class
("C:\Program Files\MiKTeX\tex/latex/base\size10.clo"
File: size10.clo 2020/04/10 v1.4m Standard LaTeX file (size option)
)
\c@part=\count175
\c@section=\count176
\c@subsection=\count177
\c@subsubsection=\count178
\c@paragraph=\count179
\c@subparagraph=\count180
\c@figure=\count181
\c@table=\count182
\abovecaptionskip=\skip47
\belowcaptionskip=\skip48
\bibindent=\dimen138
)
("C:\Program Files\MiKTeX\tex/latex/graphics\graphicx.sty"
Package: graphicx 2020/09/09 v1.2b Enhanced LaTeX Graphics (DPC,SPQR)

("C:\Program Files\MiKTeX\tex/latex/graphics\keyval.sty"
Package: keyval 2014/10/28 v1.15 key=value parser (DPC)
\KV@toks@=\toks15
)
("C:\Program Files\MiKTeX\tex/latex/graphics\graphics.sty"
Package: graphics 2020/08/30 v1.4c Standard LaTeX Graphics (DPC,SPQR)

("C:\Program Files\MiKTeX\tex/latex/graphics\trig.sty"
Package: trig 2016/01/03 v1.10 sin cos tan (DPC)
)
("C:\Program Files\MiKTeX\tex/latex/graphics-cfg\graphics.cfg"
File: graphics.cfg 2016/06/04 v1.11 sample graphics configuration
)
Package graphics Info: Driver file: pdftex.def on input line 105.

("C:\Program Files\MiKTeX\tex/latex/graphics-def\pdftex.def"
File: pdftex.def 2020/10/05 v1.2a Graphics/color driver for pdftex
))
\Gin@req@height=\dimen139
\Gin@req@width=\dimen140
)
("C:\Program Files\MiKTeX\tex/latex/graphics\color.sty"
Package: color 2020/02/24 v1.2b Standard LaTeX Color (DPC)

("C:\Program Files\MiKTeX\tex/latex/graphics-cfg\color.cfg"
File: color.cfg 2016/01/02 v1.6 sample color configuration
)
Package color Info: Driver file: pdftex.def on input line 147.
)
(C:\Users\ethan\AppData\Roaming\MiKTeX\tex/latex/framed\framed.sty
Package: framed 2011/10/22 v 0.96: framed or shaded text with page breaks
\OuterFrameSep=\skip49
\fb@frw=\dimen141
\fb@frh=\dimen142
\FrameRule=\dimen143
\FrameSep=\dimen144
)
("C:\Program Files\MiKTeX\tex/latex/base\alltt.sty"
Package: alltt 1997/06/16 v2.0g defines alltt environment
)
(C:\Users\ethan\AppData\Roaming\MiKTeX\tex/latex/float\float.sty
Package: float 2001/11/08 v1.3d Float enhancements (AL)
\c@float@type=\count183
\float@exts=\toks16
\float@box=\box47
\@float@everytoks=\toks17
\@floatcapt=\box48
)
(C:\Users\ethan\AppData\Roaming\MiKTeX\tex/latex/upquote\upquote.sty
Package: upquote 2012/04/19 v1.3 upright-quote and grave-accent glyphs in verba
tim
)
("C:\Program Files\MiKTeX\tex/latex/l3backend\l3backend-pdftex.def"
File: l3backend-pdftex.def 2020-09-24 L3 backend support: PDF output (pdfTeX)
\l__kernel_color_stack_int=\count184
\l__pdf_internal_box=\box49
)
(7.1.1GeneralizedAdditiveModels_R.aux)
\openout1 = `7.1.1GeneralizedAdditiveModels_R.aux'.

LaTeX Font Info:    Checking defaults for OML/cmm/m/it on input line 65.
LaTeX Font Info:    ... okay on input line 65.
LaTeX Font Info:    Checking defaults for OMS/cmsy/m/n on input line 65.
LaTeX Font Info:    ... okay on input line 65.
LaTeX Font Info:    Checking defaults for OT1/cmr/m/n on input line 65.
LaTeX Font Info:    ... okay on input line 65.
LaTeX Font Info:    Checking defaults for T1/cmr/m/n on input line 65.
LaTeX Font Info:    ... okay on input line 65.
LaTeX Font Info:    Checking defaults for TS1/cmr/m/n on input line 65.
LaTeX Font Info:    ... okay on input line 65.
LaTeX Font Info:    Checking defaults for OMX/cmex/m/n on input line 65.
LaTeX Font Info:    ... okay on input line 65.
LaTeX Font Info:    Checking defaults for U/cmr/m/n on input line 65.
LaTeX Font Info:    ... okay on input line 65.

("C:\Program Files\MiKTeX\tex/context/base/mkii\supp-pdf.mkii"
[Loading MPS to PDF converter (version 2006.09.02).]
\scratchcounter=\count185
\scratchdimen=\dimen145
\scratchbox=\box50
\nofMPsegments=\count186
\nofMParguments=\count187
\everyMPshowfont=\toks18
\MPscratchCnt=\count188
\MPscratchDim=\dimen146
\MPnumerator=\count189
\makeMPintoPDFobject=\count190
\everyMPtoPDFconversion=\toks19
) ("C:\Program Files\MiKTeX\tex/latex/epstopdf-pkg\epstopdf-base.sty"
Package: epstopdf-base 2020-01-24 v2.11 Base part for package epstopdf
Package epstopdf-base Info: Redefining graphics rule for `.eps' on input line 4
85.
)
LaTeX Font Info:    External font `cmex10' loaded for size
(Font)              <12> on input line 74.
LaTeX Font Info:    External font `cmex10' loaded for size
(Font)              <8> on input line 74.
LaTeX Font Info:    External font `cmex10' loaded for size
(Font)              <6> on input line 74.


LaTeX Warning: No \author given.

Package color Info: Redefining color shadecolor on input line 81.
LaTeX Font Info:    Font shape `OT1/cmtt/bx/n' in size <10> not available
(Font)              Font shape `OT1/cmtt/m/n' tried instead on input line 84.
[1

{C:/Users/ethan/AppData/Local/MiKTeX/pdftex/config/pdftex.map}]
Package color Info: Redefining color shadecolor on input line 182.
LaTeX Font Info:    External font `cmex10' loaded for size
(Font)              <7> on input line 191.
LaTeX Font Info:    External font `cmex10' loaded for size
(Font)              <5> on input line 191.
 [2]
Package color Info: Redefining color shadecolor on input line 194.
<figure/unnamed-chunk-3-1.pdf, id=15, 505.89pt x 505.89pt>
File: figure/unnamed-chunk-3-1.pdf Graphic file (type pdf)
<use figure/unnamed-chunk-3-1.pdf>
Package pdftex.def Info: figure/unnamed-chunk-3-1.pdf  used on input line 199.
(pdftex.def)             Requested size: 235.73624pt x 235.73816pt.
<figure/unnamed-chunk-3-2.pdf, id=16, 505.89pt x 505.89pt>
File: figure/unnamed-chunk-3-2.pdf Graphic file (type pdf)
<use figure/unnamed-chunk-3-2.pdf>
Package pdftex.def Info: figure/unnamed-chunk-3-2.pdf  used on input line 200.
(pdftex.def)             Requested size: 235.73624pt x 235.73816pt.
<figure/unnamed-chunk-3-3.pdf, id=17, 505.89pt x 505.89pt>
File: figure/unnamed-chunk-3-3.pdf Graphic file (type pdf)
<use figure/unnamed-chunk-3-3.pdf>
Package pdftex.def Info: figure/unnamed-chunk-3-3.pdf  used on input line 201.
(pdftex.def)             Requested size: 235.73624pt x 235.73816pt.
<figure/unnamed-chunk-3-4.pdf, id=18, 505.89pt x 505.89pt>
File: figure/unnamed-chunk-3-4.pdf Graphic file (type pdf)
<use figure/unnamed-chunk-3-4.pdf>
Package pdftex.def Info: figure/unnamed-chunk-3-4.pdf  used on input line 202.
(pdftex.def)             Requested size: 235.73624pt x 235.73816pt.
<figure/unnamed-chunk-3-5.pdf, id=19, 505.89pt x 505.89pt>
File: figure/unnamed-chunk-3-5.pdf Graphic file (type pdf)
<use figure/unnamed-chunk-3-5.pdf>
Package pdftex.def Info: figure/unnamed-chunk-3-5.pdf  used on input line 203.
(pdftex.def)             Requested size: 235.73624pt x 235.73816pt.
<figure/unnamed-chunk-3-6.pdf, id=20, 505.89pt x 505.89pt>
File: figure/unnamed-chunk-3-6.pdf Graphic file (type pdf)
<use figure/unnamed-chunk-3-6.pdf>
Package pdftex.def Info: figure/unnamed-chunk-3-6.pdf  used on input line 204.
(pdftex.def)             Requested size: 235.73624pt x 235.73816pt.
<figure/unnamed-chunk-3-7.pdf, id=21, 505.89pt x 505.89pt>
File: figure/unnamed-chunk-3-7.pdf Graphic file (type pdf)
<use figure/unnamed-chunk-3-7.pdf>
Package pdftex.def Info: figure/unnamed-chunk-3-7.pdf  used on input line 205.
(pdftex.def)             Requested size: 235.73624pt x 235.73816pt.
<figure/unnamed-chunk-3-8.pdf, id=22, 505.89pt x 505.89pt>
File: figure/unnamed-chunk-3-8.pdf Graphic file (type pdf)
<use figure/unnamed-chunk-3-8.pdf>
Package pdftex.def Info: figure/unnamed-chunk-3-8.pdf  used on input line 206.
(pdftex.def)             Requested size: 235.73624pt x 235.73816pt.
<figure/unnamed-chunk-3-9.pdf, id=23, 505.89pt x 505.89pt>
File: figure/unnamed-chunk-3-9.pdf Graphic file (type pdf)
<use figure/unnamed-chunk-3-9.pdf>
Package pdftex.def Info: figure/unnamed-chunk-3-9.pdf  used on input line 207.
(pdftex.def)             Requested size: 235.73624pt x 235.73816pt.

Overfull \hbox (17.2222pt too wide) in paragraph at lines 199--208
[][] []
 []


Overfull \hbox (2.2222pt too wide) in paragraph at lines 199--208
[] []
 []


Overfull \hbox (2.2222pt too wide) in paragraph at lines 199--208
[] []
 []


Overfull \hbox (2.2222pt too wide) in paragraph at lines 199--208
[] []
 []

[3 <./figure/unnamed-chunk-3-1.pdf> <./figure/unnamed-chunk-3-2.pdf> <./figure/
unnamed-chunk-3-3.pdf> <./figure/unnamed-chunk-3-4.pdf>] [4 <./figure/unnamed-c
hunk-3-5.pdf> <./figure/unnamed-chunk-3-6.pdf> <./figure/unnamed-chunk-3-7.pdf>
 <./figure/unnamed-chunk-3-8.pdf>]
<gam_baseball_demo.png, id=70, 831.105pt x 533.995pt>
File: gam_baseball_demo.png Graphic file (type png)
<use gam_baseball_demo.png>
Package pdftex.def Info: gam_baseball_demo.png  used on input line 215.
(pdftex.def)             Requested size: 282.88637pt x 181.7596pt.
Package color Info: Redefining color shadecolor on input line 232.
 [5 <./figure/unnamed-chunk-3-9.pdf> <./gam_baseball_demo.png>]
Package color Info: Redefining color shadecolor on input line 277.
 [6] (7.1.1GeneralizedAdditiveModels_R.aux) ) 
Here is how much of TeX's memory you used:
 1472 strings out of 480235
 23418 string characters out of 2890377
 305754 words of memory out of 3000000
 18036 multiletter control sequences out of 15000+200000
 539064 words of font info for 43 fonts, out of 3000000 for 9000
 1141 hyphenation exceptions out of 8191
 60i,6n,66p,518b,283s stack positions out of 5000i,500n,10000p,200000b,50000s
<C:/Program Files/MiKTeX/fonts/typ
e1/public/amsfonts/cm/cmbx12.pfb><C:/Program Files/MiKTeX/fonts/type1/public/am
sfonts/cm/cmitt10.pfb><C:/Program Files/MiKTeX/fonts/type1/public/amsfonts/cm/c
mmi10.pfb><C:/Program Files/MiKTeX/fonts/type1/public/amsfonts/cm/cmr10.pfb><C:
/Program Files/MiKTeX/fonts/type1/public/amsfonts/cm/cmr12.pfb><C:/Program File
s/MiKTeX/fonts/type1/public/amsfonts/cm/cmr17.pfb><C:/Program Files/MiKTeX/font
s/type1/public/amsfonts/cm/cmtt10.pfb>
Output written on 7.1.1GeneralizedAdditiveModels_R.pdf (6 pages, 206668 bytes).

PDF statistics:
 106 PDF objects out of 1000 (max. 8388607)
 0 named destinations out of 1000 (max. 500000)
 51 words of extra memory for PDF output out of 10000 (max. 10000000)

